<?xml version="1.0" encoding="UTF-8"?>
<!-- Generated by org.testng.reporters.JUnitXMLReporter -->
<testsuite ignored="0" hostname="LAPTOP-V7M1F0GS" failures="0" tests="4" name="Bob Shop TestCases" time="707.332" errors="0" timestamp="2024-03-07T13:23:53 IST">
  <testcase classname="com.eva.bobShop.TestCases.TestCases" name="verifyLogin" time="97.108"/>
  <testcase classname="com.eva.bobShop.TestCases.TestCases" name="verifyAccount" time="234.827"/>
  <testcase classname="com.eva.bobShop.TestCases.TestCases" name="selectProductByCategory" time="175.491"/>
  <testcase classname="com.eva.bobShop.TestCases.TestCases" name="verifyProductAddToCardAndBuy" time="188.351"/>
</testsuite> <!-- Bob Shop TestCases -->
