<?xml version="1.0" encoding="UTF-8"?>
<!-- Generated by org.testng.reporters.JUnitXMLReporter -->
<testsuite ignored="0" hostname="LAPTOP-V7M1F0GS" failures="0" tests="4" name="Default test" time="695.207" errors="0" timestamp="2024-03-04T22:09:32 IST">
  <testcase classname="com.eva.bobShop.TestCases.TestCases" name="verifyLogin" time="170.056"/>
  <testcase classname="com.eva.bobShop.TestCases.TestCases" name="verifyAccount" time="206.484"/>
  <testcase classname="com.eva.bobShop.TestCases.TestCases" name="selectProductByCategory" time="154.178"/>
  <testcase classname="com.eva.bobShop.TestCases.TestCases" name="verifyProductAddToCard" time="153.89"/>
</testsuite> <!-- Default test -->
