<?xml version="1.0" encoding="UTF-8"?>
<testng-results ignored="0" total="4" passed="4" failed="0" skipped="0">
  <reporter-output>
  </reporter-output>
  <suite started-at="2024-03-07T13:12:05 IST" name="Bob Shop" finished-at="2024-03-07T13:23:53 IST" duration-ms="707332">
    <groups>
      <group name="@Smoke">
        <method signature="TestCases.verifyLogin(java.lang.String)[pri:0, instance:com.eva.bobShop.TestCases.TestCases@31190526]" name="verifyLogin" class="com.eva.bobShop.TestCases.TestCases"/>
        <method signature="TestCases.verifyProductAddToCardAndBuy(java.lang.String,java.lang.String)[pri:3, instance:com.eva.bobShop.TestCases.TestCases@31190526]" name="verifyProductAddToCardAndBuy" class="com.eva.bobShop.TestCases.TestCases"/>
      </group> <!-- @Smoke -->
      <group name="@Sanity">
        <method signature="TestCases.selectProductByCategory(java.lang.String)[pri:2, instance:com.eva.bobShop.TestCases.TestCases@31190526]" name="selectProductByCategory" class="com.eva.bobShop.TestCases.TestCases"/>
      </group> <!-- @Sanity -->
      <group name="@Regression">
        <method signature="TestCases.verifyAccount(java.lang.String)[pri:1, instance:com.eva.bobShop.TestCases.TestCases@31190526]" name="verifyAccount" class="com.eva.bobShop.TestCases.TestCases"/>
      </group> <!-- @Regression -->
    </groups>
    <test started-at="2024-03-07T13:12:05 IST" name="Bob Shop TestCases" finished-at="2024-03-07T13:23:53 IST" duration-ms="707332">
      <class name="com.eva.bobShop.TestCases.TestCases">
        <test-method is-config="true" signature="createreport()[pri:0, instance:com.eva.bobShop.TestCases.TestCases@31190526]" started-at="2024-03-07T13:12:05 IST" name="createreport" finished-at="2024-03-07T13:12:05 IST" duration-ms="479" status="PASS">
          <reporter-output>
          </reporter-output>
        </test-method> <!-- createreport -->
        <test-method signature="verifyLogin(java.lang.String)[pri:0, instance:com.eva.bobShop.TestCases.TestCases@31190526]" started-at="2024-03-07T13:12:05 IST" name="verifyLogin" finished-at="2024-03-07T13:13:43 IST" duration-ms="97108" status="PASS">
          <params>
            <param index="0">
              <value>
                <![CDATA[chrome]]>
              </value>
            </param>
          </params>
          <reporter-output>
          </reporter-output>
        </test-method> <!-- verifyLogin -->
        <test-method is-config="true" signature="teardown(org.testng.ITestResult)[pri:0, instance:com.eva.bobShop.TestCases.TestCases@31190526]" started-at="2024-03-07T13:13:43 IST" name="teardown" finished-at="2024-03-07T13:13:46 IST" duration-ms="3295" status="PASS">
          <params>
            <param index="0">
              <value>
                <![CDATA[[TestResult name=verifyLogin status=SUCCESS method=TestCases.verifyLogin(java.lang.String)[pri:0, instance:com.eva.bobShop.TestCases.TestCases@31190526] output={null}]]]>
              </value>
            </param>
          </params>
          <reporter-output>
          </reporter-output>
        </test-method> <!-- teardown -->
        <test-method signature="verifyAccount(java.lang.String)[pri:1, instance:com.eva.bobShop.TestCases.TestCases@31190526]" started-at="2024-03-07T13:13:46 IST" name="verifyAccount" finished-at="2024-03-07T13:17:41 IST" duration-ms="234827" status="PASS">
          <params>
            <param index="0">
              <value>
                <![CDATA[chrome]]>
              </value>
            </param>
          </params>
          <reporter-output>
          </reporter-output>
        </test-method> <!-- verifyAccount -->
        <test-method is-config="true" signature="teardown(org.testng.ITestResult)[pri:0, instance:com.eva.bobShop.TestCases.TestCases@31190526]" started-at="2024-03-07T13:17:41 IST" name="teardown" finished-at="2024-03-07T13:17:44 IST" duration-ms="2796" status="PASS">
          <params>
            <param index="0">
              <value>
                <![CDATA[[TestResult name=verifyAccount status=SUCCESS method=TestCases.verifyAccount(java.lang.String)[pri:1, instance:com.eva.bobShop.TestCases.TestCases@31190526] output={null}]]]>
              </value>
            </param>
          </params>
          <reporter-output>
          </reporter-output>
        </test-method> <!-- teardown -->
        <test-method signature="selectProductByCategory(java.lang.String)[pri:2, instance:com.eva.bobShop.TestCases.TestCases@31190526]" started-at="2024-03-07T13:17:44 IST" name="selectProductByCategory" finished-at="2024-03-07T13:20:39 IST" duration-ms="175491" status="PASS">
          <params>
            <param index="0">
              <value>
                <![CDATA[chrome]]>
              </value>
            </param>
          </params>
          <reporter-output>
          </reporter-output>
        </test-method> <!-- selectProductByCategory -->
        <test-method is-config="true" signature="teardown(org.testng.ITestResult)[pri:0, instance:com.eva.bobShop.TestCases.TestCases@31190526]" started-at="2024-03-07T13:20:39 IST" name="teardown" finished-at="2024-03-07T13:20:42 IST" duration-ms="2643" status="PASS">
          <params>
            <param index="0">
              <value>
                <![CDATA[[TestResult name=selectProductByCategory status=SUCCESS method=TestCases.selectProductByCategory(java.lang.String)[pri:2, instance:com.eva.bobShop.TestCases.TestCases@31190526] output={null}]]]>
              </value>
            </param>
          </params>
          <reporter-output>
          </reporter-output>
        </test-method> <!-- teardown -->
        <test-method signature="verifyProductAddToCardAndBuy(java.lang.String,java.lang.String)[pri:3, instance:com.eva.bobShop.TestCases.TestCases@31190526]" started-at="2024-03-07T13:20:42 IST" name="verifyProductAddToCardAndBuy" finished-at="2024-03-07T13:23:50 IST" duration-ms="188351" status="PASS">
          <params>
            <param index="0">
              <value>
                <![CDATA[chrome]]>
              </value>
            </param>
            <param index="1">
              <value>
                <![CDATA[2]]>
              </value>
            </param>
          </params>
          <reporter-output>
          </reporter-output>
        </test-method> <!-- verifyProductAddToCardAndBuy -->
        <test-method is-config="true" signature="teardown(org.testng.ITestResult)[pri:0, instance:com.eva.bobShop.TestCases.TestCases@31190526]" started-at="2024-03-07T13:23:50 IST" name="teardown" finished-at="2024-03-07T13:23:53 IST" duration-ms="2731" status="PASS">
          <params>
            <param index="0">
              <value>
                <![CDATA[[TestResult name=verifyProductAddToCardAndBuy status=SUCCESS method=TestCases.verifyProductAddToCardAndBuy(java.lang.String,java.lang.String)[pri:3, instance:com.eva.bobShop.TestCases.TestCases@31190526] output={null}]]]>
              </value>
            </param>
          </params>
          <reporter-output>
          </reporter-output>
        </test-method> <!-- teardown -->
      </class> <!-- com.eva.bobShop.TestCases.TestCases -->
    </test> <!-- Bob Shop TestCases -->
  </suite> <!-- Bob Shop -->
</testng-results>
