<?xml version="1.0" encoding="UTF-8"?>
<testng-results ignored="0" total="4" passed="4" failed="0" skipped="0">
  <reporter-output>
  </reporter-output>
  <suite started-at="2024-03-04T21:57:56 IST" name="Default suite" finished-at="2024-03-04T22:09:32 IST" duration-ms="695207">
    <groups>
      <group name="@Smoke">
        <method signature="TestCases.verifyLogin()[pri:0, instance:com.eva.bobShop.TestCases.TestCases@3c41ed1d]" name="verifyLogin" class="com.eva.bobShop.TestCases.TestCases"/>
      </group> <!-- @Smoke -->
      <group name="@Sanity">
        <method signature="TestCases.selectProductByCategory()[pri:2, instance:com.eva.bobShop.TestCases.TestCases@3c41ed1d]" name="selectProductByCategory" class="com.eva.bobShop.TestCases.TestCases"/>
        <method signature="TestCases.verifyProductAddToCard()[pri:3, instance:com.eva.bobShop.TestCases.TestCases@3c41ed1d]" name="verifyProductAddToCard" class="com.eva.bobShop.TestCases.TestCases"/>
      </group> <!-- @Sanity -->
      <group name="@Regression">
        <method signature="TestCases.verifyAccount()[pri:1, instance:com.eva.bobShop.TestCases.TestCases@3c41ed1d]" name="verifyAccount" class="com.eva.bobShop.TestCases.TestCases"/>
      </group> <!-- @Regression -->
    </groups>
    <test started-at="2024-03-04T21:57:56 IST" name="Default test" finished-at="2024-03-04T22:09:32 IST" duration-ms="695207">
      <class name="com.eva.bobShop.TestCases.TestCases">
        <test-method is-config="true" signature="createreport()[pri:0, instance:com.eva.bobShop.TestCases.TestCases@3c41ed1d]" started-at="2024-03-04T21:57:56 IST" name="createreport" finished-at="2024-03-04T21:57:57 IST" duration-ms="377" status="PASS">
          <reporter-output>
          </reporter-output>
        </test-method> <!-- createreport -->
        <test-method signature="verifyLogin()[pri:0, instance:com.eva.bobShop.TestCases.TestCases@3c41ed1d]" started-at="2024-03-04T21:57:57 IST" name="verifyLogin" finished-at="2024-03-04T22:00:47 IST" duration-ms="170056" status="PASS">
          <reporter-output>
          </reporter-output>
        </test-method> <!-- verifyLogin -->
        <test-method is-config="true" signature="teardown(org.testng.ITestResult)[pri:0, instance:com.eva.bobShop.TestCases.TestCases@3c41ed1d]" started-at="2024-03-04T22:00:47 IST" name="teardown" finished-at="2024-03-04T22:00:50 IST" duration-ms="2972" status="PASS">
          <params>
            <param index="0">
              <value>
                <![CDATA[[TestResult name=verifyLogin status=SUCCESS method=TestCases.verifyLogin()[pri:0, instance:com.eva.bobShop.TestCases.TestCases@3c41ed1d] output={null}]]]>
              </value>
            </param>
          </params>
          <reporter-output>
          </reporter-output>
        </test-method> <!-- teardown -->
        <test-method signature="verifyAccount()[pri:1, instance:com.eva.bobShop.TestCases.TestCases@3c41ed1d]" started-at="2024-03-04T22:00:50 IST" name="verifyAccount" finished-at="2024-03-04T22:04:16 IST" duration-ms="206484" status="PASS">
          <reporter-output>
          </reporter-output>
        </test-method> <!-- verifyAccount -->
        <test-method is-config="true" signature="teardown(org.testng.ITestResult)[pri:0, instance:com.eva.bobShop.TestCases.TestCases@3c41ed1d]" started-at="2024-03-04T22:04:16 IST" name="teardown" finished-at="2024-03-04T22:04:19 IST" duration-ms="2383" status="PASS">
          <params>
            <param index="0">
              <value>
                <![CDATA[[TestResult name=verifyAccount status=SUCCESS method=TestCases.verifyAccount()[pri:1, instance:com.eva.bobShop.TestCases.TestCases@3c41ed1d] output={null}]]]>
              </value>
            </param>
          </params>
          <reporter-output>
          </reporter-output>
        </test-method> <!-- teardown -->
        <test-method signature="selectProductByCategory()[pri:2, instance:com.eva.bobShop.TestCases.TestCases@3c41ed1d]" started-at="2024-03-04T22:04:19 IST" name="selectProductByCategory" finished-at="2024-03-04T22:06:53 IST" duration-ms="154178" status="PASS">
          <reporter-output>
          </reporter-output>
        </test-method> <!-- selectProductByCategory -->
        <test-method is-config="true" signature="teardown(org.testng.ITestResult)[pri:0, instance:com.eva.bobShop.TestCases.TestCases@3c41ed1d]" started-at="2024-03-04T22:06:53 IST" name="teardown" finished-at="2024-03-04T22:06:55 IST" duration-ms="2385" status="PASS">
          <params>
            <param index="0">
              <value>
                <![CDATA[[TestResult name=selectProductByCategory status=SUCCESS method=TestCases.selectProductByCategory()[pri:2, instance:com.eva.bobShop.TestCases.TestCases@3c41ed1d] output={null}]]]>
              </value>
            </param>
          </params>
          <reporter-output>
          </reporter-output>
        </test-method> <!-- teardown -->
        <test-method signature="verifyProductAddToCard()[pri:3, instance:com.eva.bobShop.TestCases.TestCases@3c41ed1d]" started-at="2024-03-04T22:06:55 IST" name="verifyProductAddToCard" finished-at="2024-03-04T22:09:29 IST" duration-ms="153890" status="PASS">
          <reporter-output>
          </reporter-output>
        </test-method> <!-- verifyProductAddToCard -->
        <test-method is-config="true" signature="teardown(org.testng.ITestResult)[pri:0, instance:com.eva.bobShop.TestCases.TestCases@3c41ed1d]" started-at="2024-03-04T22:09:29 IST" name="teardown" finished-at="2024-03-04T22:09:32 IST" duration-ms="2380" status="PASS">
          <params>
            <param index="0">
              <value>
                <![CDATA[[TestResult name=verifyProductAddToCard status=SUCCESS method=TestCases.verifyProductAddToCard()[pri:3, instance:com.eva.bobShop.TestCases.TestCases@3c41ed1d] output={null}]]]>
              </value>
            </param>
          </params>
          <reporter-output>
          </reporter-output>
        </test-method> <!-- teardown -->
      </class> <!-- com.eva.bobShop.TestCases.TestCases -->
    </test> <!-- Default test -->
  </suite> <!-- Default suite -->
</testng-results>
